2024-05-13 18:21:33,214 - log.log - WARNING - Bot is initializing.
2024-05-13 18:21:34,096 - log.log - WARNING - Bot setup completed.
2024-05-13 18:23:48,084 - log.log - WARNING - Bot is initializing.
2024-05-13 18:23:48,859 - log.log - WARNING - Bot setup completed.
2024-05-13 18:24:33,925 - log.log - WARNING - Bot is initializing.
2024-05-13 18:24:34,728 - log.log - WARNING - Bot setup completed.
2024-05-13 18:25:59,211 - log.log - WARNING - Bot is initializing.
2024-05-13 18:25:59,967 - log.log - WARNING - Bot setup completed.
2024-05-13 19:00:02,497 - log.log - INFO - Getting a connection from the pool
2024-05-13 19:00:02,497 - log.log - INFO - Database connection opened.
2024-05-13 19:00:02,500 - log.log - INFO - Topics table created
2024-05-13 19:00:02,500 - log.log - INFO - Solutions table created
2024-05-13 19:00:02,500 - log.log - INFO - Transaction committed
2024-05-13 19:00:02,500 - log.log - INFO - Returning a connection to the pool
2024-05-13 19:00:02,501 - log.log - INFO - Database connection pool initialized (Database: suportmate)
2024-05-13 19:00:02,501 - log.log - WARNING - Bot is initializing.
2024-05-13 19:00:03,354 - log.log - WARNING - Bot setup completed.
2024-05-13 19:05:35,750 - log.log - INFO - Getting a connection from the pool
2024-05-13 19:05:35,751 - log.log - INFO - Database connection opened.
2024-05-13 19:05:35,752 - log.log - INFO - Topics table created
2024-05-13 19:05:35,753 - log.log - INFO - Solutions table created
2024-05-13 19:05:35,753 - log.log - INFO - Transaction committed
2024-05-13 19:05:35,753 - log.log - INFO - Returning a connection to the pool
2024-05-13 19:05:35,753 - log.log - INFO - Database connection pool initialized (Database: suportmate)
2024-05-13 19:05:35,753 - log.log - WARNING - Bot is initializing.
2024-05-13 19:05:36,997 - log.log - WARNING - Bot setup completed.
2024-05-13 19:05:45,669 - log.log - INFO - Getting a connection from the pool
2024-05-13 19:05:45,669 - log.log - INFO - Database connection opened.
2024-05-13 19:05:45,682 - log.log - INFO - Returning a connection to the pool
2024-05-13 19:06:22,681 - log.log - INFO - Getting a connection from the pool
2024-05-13 19:06:22,681 - log.log - INFO - Database connection opened.
2024-05-13 19:06:22,683 - log.log - INFO - Topics table created
2024-05-13 19:06:22,683 - log.log - INFO - Solutions table created
2024-05-13 19:06:22,683 - log.log - INFO - Transaction committed
2024-05-13 19:06:22,684 - log.log - INFO - Returning a connection to the pool
2024-05-13 19:06:22,684 - log.log - INFO - Database connection pool initialized (Database: suportmate)
2024-05-13 19:06:22,684 - log.log - WARNING - Bot is initializing.
2024-05-13 19:06:23,524 - log.log - WARNING - Bot setup completed.
2024-05-13 19:06:39,342 - log.log - INFO - Getting a connection from the pool
2024-05-13 19:06:39,343 - log.log - INFO - Database connection opened.
2024-05-13 19:06:39,346 - log.log - INFO - Transaction committed
2024-05-13 19:06:39,346 - log.log - INFO - Returning a connection to the pool
2024-05-13 19:09:34,996 - log.log - INFO - Getting a connection from the pool
2024-05-13 19:09:34,997 - log.log - INFO - Database connection opened.
2024-05-13 19:09:35,002 - log.log - INFO - Topics table created
2024-05-13 19:09:35,002 - log.log - INFO - Solutions table created
2024-05-13 19:09:35,004 - log.log - INFO - Transaction committed
2024-05-13 19:09:35,004 - log.log - INFO - Returning a connection to the pool
2024-05-13 19:09:35,004 - log.log - INFO - Database connection pool initialized (Database: suportmate)
2024-05-13 19:09:35,004 - log.log - WARNING - Bot is initializing.
2024-05-13 19:09:35,824 - log.log - WARNING - Bot setup completed.
2024-05-13 19:09:42,794 - log.log - INFO - Getting a connection from the pool
2024-05-13 19:09:42,794 - log.log - INFO - Database connection opened.
2024-05-13 19:09:42,796 - log.log - INFO - Transaction committed
2024-05-13 19:09:42,797 - log.log - INFO - Returning a connection to the pool
2024-05-13 19:11:07,487 - log.log - INFO - Getting a connection from the pool
2024-05-13 19:11:07,487 - log.log - INFO - Database connection opened.
2024-05-13 19:11:07,489 - log.log - INFO - Topics table created
2024-05-13 19:11:07,489 - log.log - INFO - Solutions table created
2024-05-13 19:11:07,489 - log.log - INFO - Transaction committed
2024-05-13 19:11:07,489 - log.log - INFO - Returning a connection to the pool
2024-05-13 19:11:07,489 - log.log - INFO - Database connection pool initialized (Database: suportmate)
2024-05-13 19:11:07,490 - log.log - WARNING - Bot is initializing.
2024-05-13 19:11:08,343 - log.log - WARNING - Bot setup completed.
2024-05-13 19:11:26,395 - log.log - INFO - Getting a connection from the pool
2024-05-13 19:11:26,395 - log.log - INFO - Database connection opened.
2024-05-13 19:11:26,398 - log.log - INFO - Transaction committed
2024-05-13 19:11:26,398 - log.log - INFO - Returning a connection to the pool
2024-05-13 19:15:23,722 - log.log - INFO - Getting a connection from the pool
2024-05-13 19:15:23,723 - log.log - INFO - Database connection opened.
2024-05-13 19:15:23,725 - log.log - INFO - Topics table created
2024-05-13 19:15:23,725 - log.log - INFO - Solutions table created
2024-05-13 19:15:23,725 - log.log - INFO - Transaction committed
2024-05-13 19:15:23,726 - log.log - INFO - Returning a connection to the pool
2024-05-13 19:15:23,726 - log.log - INFO - Database connection pool initialized (Database: suportmate)
2024-05-13 19:15:23,726 - log.log - WARNING - Bot is initializing.
2024-05-13 19:15:24,532 - log.log - WARNING - Bot setup completed.
2024-05-13 19:15:33,083 - log.log - INFO - Getting a connection from the pool
2024-05-13 19:15:33,083 - log.log - INFO - Database connection opened.
2024-05-13 19:15:33,086 - log.log - INFO - Transaction committed
2024-05-13 19:15:33,086 - log.log - INFO - Returning a connection to the pool
2024-05-13 19:16:57,955 - log.log - INFO - Getting a connection from the pool
2024-05-13 19:16:57,955 - log.log - INFO - Database connection opened.
2024-05-13 19:16:57,957 - log.log - INFO - Topics table created
2024-05-13 19:16:57,957 - log.log - INFO - Solutions table created
2024-05-13 19:16:57,957 - log.log - INFO - Transaction committed
2024-05-13 19:16:57,957 - log.log - INFO - Returning a connection to the pool
2024-05-13 19:16:57,957 - log.log - INFO - Database connection pool initialized (Database: suportmate)
2024-05-13 19:16:57,958 - log.log - WARNING - Bot is initializing.
2024-05-13 19:16:58,797 - log.log - WARNING - Bot setup completed.
2024-05-13 19:17:13,045 - log.log - INFO - Getting a connection from the pool
2024-05-13 19:17:13,046 - log.log - INFO - Database connection opened.
2024-05-13 19:17:13,048 - log.log - INFO - Transaction committed
2024-05-13 19:17:13,048 - log.log - INFO - Returning a connection to the pool
2024-05-13 19:20:37,840 - log.log - INFO - Getting a connection from the pool
2024-05-13 19:20:37,840 - log.log - INFO - Database connection opened.
2024-05-13 19:20:37,842 - log.log - INFO - Topics table created
2024-05-13 19:20:37,842 - log.log - INFO - Solutions table created
2024-05-13 19:20:37,842 - log.log - INFO - Transaction committed
2024-05-13 19:20:37,842 - log.log - INFO - Returning a connection to the pool
2024-05-13 19:20:37,842 - log.log - INFO - Database connection pool initialized (Database: suportmate)
2024-05-13 19:20:37,843 - log.log - WARNING - Bot is initializing.
2024-05-13 19:20:38,937 - log.log - WARNING - Bot setup completed.
2024-05-13 19:20:48,102 - log.log - INFO - Getting a connection from the pool
2024-05-13 19:20:48,102 - log.log - INFO - Database connection opened.
2024-05-13 19:20:48,104 - log.log - INFO - Transaction committed
2024-05-13 19:20:48,104 - log.log - INFO - Returning a connection to the pool
2024-05-13 19:22:03,297 - log.log - INFO - Getting a connection from the pool
2024-05-13 19:22:03,297 - log.log - INFO - Database connection opened.
2024-05-13 19:22:03,299 - log.log - INFO - Topics table created
2024-05-13 19:22:03,299 - log.log - INFO - Solutions table created
2024-05-13 19:22:03,299 - log.log - INFO - Transaction committed
2024-05-13 19:22:03,299 - log.log - INFO - Returning a connection to the pool
2024-05-13 19:22:03,299 - log.log - INFO - Database connection pool initialized (Database: suportmate)
2024-05-13 19:22:03,300 - log.log - WARNING - Bot is initializing.
2024-05-13 19:22:04,138 - log.log - WARNING - Bot setup completed.
2024-05-13 19:22:18,914 - log.log - INFO - Getting a connection from the pool
2024-05-13 19:22:18,914 - log.log - INFO - Database connection opened.
2024-05-13 19:22:18,917 - log.log - INFO - Transaction committed
2024-05-13 19:22:18,917 - log.log - INFO - Returning a connection to the pool
2024-05-13 19:24:08,192 - log.log - INFO - Getting a connection from the pool
2024-05-13 19:24:08,192 - log.log - INFO - Database connection opened.
2024-05-13 19:24:08,195 - log.log - INFO - Topics table created
2024-05-13 19:24:08,195 - log.log - INFO - Solutions table created
2024-05-13 19:24:08,195 - log.log - INFO - Transaction committed
2024-05-13 19:24:08,195 - log.log - INFO - Returning a connection to the pool
2024-05-13 19:24:08,195 - log.log - INFO - Database connection pool initialized (Database: suportmate)
2024-05-13 19:24:08,196 - log.log - WARNING - Bot is initializing.
2024-05-13 19:24:08,973 - log.log - WARNING - Bot setup completed.
2024-05-13 19:24:16,493 - log.log - INFO - Getting a connection from the pool
2024-05-13 19:24:16,493 - log.log - INFO - Database connection opened.
2024-05-13 19:24:16,496 - log.log - INFO - Transaction committed
2024-05-13 19:24:16,496 - log.log - INFO - Returning a connection to the pool
2024-05-13 19:25:31,850 - log.log - INFO - Getting a connection from the pool
2024-05-13 19:25:31,850 - log.log - INFO - Database connection opened.
2024-05-13 19:25:31,852 - log.log - INFO - Topics table created
2024-05-13 19:25:31,852 - log.log - INFO - Solutions table created
2024-05-13 19:25:31,852 - log.log - INFO - Transaction committed
2024-05-13 19:25:31,852 - log.log - INFO - Returning a connection to the pool
2024-05-13 19:25:31,853 - log.log - INFO - Database connection pool initialized (Database: suportmate)
2024-05-13 19:25:31,853 - log.log - WARNING - Bot is initializing.
2024-05-13 19:25:32,670 - log.log - WARNING - Bot setup completed.
2024-05-13 19:27:24,834 - log.log - INFO - Getting a connection from the pool
2024-05-13 19:27:24,834 - log.log - INFO - Database connection opened.
2024-05-13 19:27:24,836 - log.log - INFO - Transaction committed
2024-05-13 19:27:24,836 - log.log - INFO - Returning a connection to the pool
2024-05-13 19:27:40,296 - log.log - INFO - Getting a connection from the pool
2024-05-13 19:27:40,296 - log.log - INFO - Database connection opened.
2024-05-13 19:27:40,297 - log.log - INFO - Transaction committed
2024-05-13 19:27:40,297 - log.log - INFO - Returning a connection to the pool
2024-05-13 19:27:44,682 - log.log - INFO - Getting a connection from the pool
2024-05-13 19:27:44,682 - log.log - INFO - Database connection opened.
2024-05-13 19:27:44,682 - log.log - INFO - Transaction committed
2024-05-13 19:27:44,683 - log.log - INFO - Returning a connection to the pool
2024-05-13 19:30:05,626 - log.log - INFO - Getting a connection from the pool
2024-05-13 19:30:05,627 - log.log - INFO - Database connection opened.
2024-05-13 19:30:05,629 - log.log - INFO - Topics table created
2024-05-13 19:30:05,629 - log.log - INFO - Solutions table created
2024-05-13 19:30:05,629 - log.log - INFO - Transaction committed
2024-05-13 19:30:05,629 - log.log - INFO - Returning a connection to the pool
2024-05-13 19:30:05,629 - log.log - INFO - Database connection pool initialized (Database: suportmate)
2024-05-13 19:30:05,630 - log.log - WARNING - Bot is initializing.
2024-05-13 19:30:06,455 - log.log - WARNING - Bot setup completed.
2024-05-13 19:30:17,276 - log.log - INFO - Getting a connection from the pool
2024-05-13 19:30:17,276 - log.log - INFO - Database connection opened.
2024-05-13 19:30:17,279 - log.log - INFO - Transaction committed
2024-05-13 19:30:17,279 - log.log - INFO - Returning a connection to the pool
2024-05-13 19:38:51,625 - log.log - INFO - Getting a connection from the pool
2024-05-13 19:38:51,625 - log.log - INFO - Database connection opened.
2024-05-13 19:38:51,629 - log.log - INFO - Topics table created
2024-05-13 19:38:51,629 - log.log - INFO - Solutions table created
2024-05-13 19:38:51,629 - log.log - INFO - Transaction committed
2024-05-13 19:38:51,629 - log.log - INFO - Returning a connection to the pool
2024-05-13 19:38:51,630 - log.log - INFO - Database connection pool initialized (Database: suportmate)
2024-05-13 19:38:51,630 - log.log - WARNING - Bot is initializing.
2024-05-13 19:38:52,473 - log.log - WARNING - Bot setup completed.
2024-05-13 19:38:59,242 - log.log - INFO - Getting a connection from the pool
2024-05-13 19:38:59,242 - log.log - INFO - Database connection opened.
2024-05-13 19:38:59,245 - log.log - INFO - Transaction committed
2024-05-13 19:38:59,245 - log.log - INFO - Returning a connection to the pool
2024-05-13 19:39:11,396 - log.log - INFO - Getting a connection from the pool
2024-05-13 19:39:11,396 - log.log - INFO - Database connection opened.
2024-05-13 19:39:11,397 - log.log - INFO - Transaction committed
2024-05-13 19:39:11,397 - log.log - INFO - Returning a connection to the pool
2024-05-13 19:39:15,258 - log.log - INFO - Getting a connection from the pool
2024-05-13 19:39:15,258 - log.log - INFO - Database connection opened.
2024-05-13 19:39:15,262 - log.log - INFO - Transaction committed
2024-05-13 19:39:15,262 - log.log - INFO - Returning a connection to the pool
2024-05-13 19:39:15,262 - log.log - INFO - Topic with ID None successfully updated to Tópico selecionado: Rejeições Nota Fiscal.Digite o novo nome do Tópico selecionado:
2024-05-13 19:39:15,521 - log.log - INFO - Getting a connection from the pool
2024-05-13 19:39:15,521 - log.log - INFO - Database connection opened.
2024-05-13 19:39:15,526 - log.log - INFO - Transaction committed
2024-05-13 19:39:15,526 - log.log - INFO - Returning a connection to the pool
2024-05-13 19:39:15,526 - log.log - INFO - Topic with ID 2 successfully updated to Tópico "None" atualizado para "Tópico selecionado: Rejeições Nota Fiscal.Digite o novo nome do Tópico selecionado:" com sucesso!
2024-05-13 19:45:35,179 - log.log - INFO - Getting a connection from the pool
2024-05-13 19:45:35,180 - log.log - INFO - Database connection opened.
2024-05-13 19:45:35,181 - log.log - INFO - Topics table created
2024-05-13 19:45:35,182 - log.log - INFO - Solutions table created
2024-05-13 19:45:35,182 - log.log - INFO - Transaction committed
2024-05-13 19:45:35,182 - log.log - INFO - Returning a connection to the pool
2024-05-13 19:45:35,182 - log.log - INFO - Database connection pool initialized (Database: suportmate)
2024-05-13 19:45:35,182 - log.log - WARNING - Bot is initializing.
2024-05-13 19:45:36,190 - log.log - WARNING - Bot setup completed.
2024-05-13 19:45:47,745 - log.log - INFO - Getting a connection from the pool
2024-05-13 19:45:47,745 - log.log - INFO - Database connection opened.
2024-05-13 19:45:47,748 - log.log - INFO - Transaction committed
2024-05-13 19:45:47,748 - log.log - INFO - Returning a connection to the pool
2024-05-13 19:46:00,306 - log.log - INFO - Getting a connection from the pool
2024-05-13 19:46:00,306 - log.log - INFO - Database connection opened.
2024-05-13 19:46:00,307 - log.log - INFO - Transaction committed
2024-05-13 19:46:00,307 - log.log - INFO - Returning a connection to the pool
2024-05-13 19:46:10,028 - log.log - INFO - Getting a connection from the pool
2024-05-13 19:46:10,028 - log.log - INFO - Database connection opened.
2024-05-13 19:46:10,029 - log.log - INFO - Transaction committed
2024-05-13 19:46:10,029 - log.log - INFO - Returning a connection to the pool
2024-05-13 19:49:18,854 - log.log - INFO - Getting a connection from the pool
2024-05-13 19:49:18,854 - log.log - INFO - Database connection opened.
2024-05-13 19:49:18,856 - log.log - INFO - Topics table created
2024-05-13 19:49:18,856 - log.log - INFO - Solutions table created
2024-05-13 19:49:18,856 - log.log - INFO - Transaction committed
2024-05-13 19:49:18,856 - log.log - INFO - Returning a connection to the pool
2024-05-13 19:49:18,857 - log.log - INFO - Database connection pool initialized (Database: suportmate)
2024-05-13 19:49:18,857 - log.log - WARNING - Bot is initializing.
2024-05-13 19:49:19,717 - log.log - WARNING - Bot setup completed.
2024-05-13 19:49:26,847 - log.log - INFO - Getting a connection from the pool
2024-05-13 19:49:26,847 - log.log - INFO - Database connection opened.
2024-05-13 19:49:26,850 - log.log - INFO - Transaction committed
2024-05-13 19:49:26,850 - log.log - INFO - Returning a connection to the pool
2024-05-13 19:53:32,483 - log.log - INFO - Getting a connection from the pool
2024-05-13 19:53:32,483 - log.log - INFO - Database connection opened.
2024-05-13 19:53:32,485 - log.log - INFO - Topics table created
2024-05-13 19:53:32,485 - log.log - INFO - Solutions table created
2024-05-13 19:53:32,485 - log.log - INFO - Transaction committed
2024-05-13 19:53:32,485 - log.log - INFO - Returning a connection to the pool
2024-05-13 19:53:32,485 - log.log - INFO - Database connection pool initialized (Database: suportmate)
2024-05-13 19:53:32,485 - log.log - WARNING - Bot is initializing.
2024-05-13 19:53:33,378 - log.log - WARNING - Bot setup completed.
2024-05-13 19:53:40,791 - log.log - INFO - Getting a connection from the pool
2024-05-13 19:53:40,792 - log.log - INFO - Database connection opened.
2024-05-13 19:53:40,794 - log.log - INFO - Transaction committed
2024-05-13 19:53:40,794 - log.log - INFO - Returning a connection to the pool
2024-05-13 19:53:57,490 - log.log - INFO - Getting a connection from the pool
2024-05-13 19:53:57,491 - log.log - INFO - Database connection opened.
2024-05-13 19:53:57,491 - log.log - INFO - Topic with ID 2 successfully updated to Rejeição test
2024-05-13 19:53:57,493 - log.log - INFO - Transaction committed
2024-05-13 19:53:57,493 - log.log - INFO - Returning a connection to the pool
2024-05-13 19:55:56,675 - log.log - INFO - Getting a connection from the pool
2024-05-13 19:55:56,675 - log.log - INFO - Database connection opened.
2024-05-13 19:55:56,676 - log.log - INFO - Transaction committed
2024-05-13 19:55:56,676 - log.log - INFO - Returning a connection to the pool
2024-05-13 19:56:07,544 - log.log - INFO - Getting a connection from the pool
2024-05-13 19:56:07,544 - log.log - INFO - Database connection opened.
2024-05-13 19:56:07,544 - log.log - INFO - Topic with ID 2 successfully updated to Rejeição Nova
2024-05-13 19:56:07,549 - log.log - INFO - Transaction committed
2024-05-13 19:56:07,549 - log.log - INFO - Returning a connection to the pool
2024-05-13 20:44:57,972 - log.log - INFO - Getting a connection from the pool
2024-05-13 20:44:57,973 - log.log - INFO - Database connection opened.
2024-05-13 20:44:57,975 - log.log - INFO - Topics table created
2024-05-13 20:44:57,975 - log.log - INFO - Solutions table created
2024-05-13 20:44:57,976 - log.log - INFO - Transaction committed
2024-05-13 20:44:57,976 - log.log - INFO - Returning a connection to the pool
2024-05-13 20:44:57,976 - log.log - INFO - Database connection pool initialized (Database: suportmate)
2024-05-13 20:44:57,976 - log.log - WARNING - Bot is initializing.
2024-05-13 20:44:58,838 - log.log - WARNING - Bot setup completed.
2024-05-13 20:46:46,515 - log.log - INFO - Getting a connection from the pool
2024-05-13 20:46:46,515 - log.log - INFO - Database connection opened.
2024-05-13 20:46:46,518 - log.log - INFO - Successfully get all the topics names
2024-05-13 20:46:46,519 - log.log - INFO - Transaction committed
2024-05-13 20:46:46,519 - log.log - INFO - Returning a connection to the pool
2024-05-13 20:46:52,439 - log.log - INFO - Getting a connection from the pool
2024-05-13 20:46:52,439 - log.log - INFO - Database connection opened.
2024-05-13 20:46:52,443 - log.log - INFO - Successfully add the solution Rejeição 321 into topic ID 1.
2024-05-13 20:46:52,444 - log.log - INFO - Transaction committed
2024-05-13 20:46:52,445 - log.log - INFO - Returning a connection to the pool
2024-05-13 20:46:52,798 - log.log - INFO - Solution Rejeição 321 saved successfully into database 
2024-05-13 21:14:42,890 - log.log - INFO - Getting a connection from the pool
2024-05-13 21:14:42,890 - log.log - INFO - Database connection opened.
2024-05-13 21:14:42,892 - log.log - INFO - Topics table created
2024-05-13 21:14:42,893 - log.log - INFO - Solutions table created
2024-05-13 21:14:42,893 - log.log - INFO - Transaction committed
2024-05-13 21:14:42,893 - log.log - INFO - Returning a connection to the pool
2024-05-13 21:14:42,893 - log.log - INFO - Database connection pool initialized (Database: suportmate)
2024-05-13 21:14:42,893 - log.log - WARNING - Bot is initializing.
2024-05-13 21:14:44,209 - log.log - WARNING - Bot setup completed.
2024-05-13 21:14:55,769 - log.log - INFO - Getting a connection from the pool
2024-05-13 21:14:55,769 - log.log - INFO - Database connection opened.
2024-05-13 21:14:55,771 - log.log - INFO - Successfully get all the topics names
2024-05-13 21:14:55,771 - log.log - INFO - Transaction committed
2024-05-13 21:14:55,771 - log.log - INFO - Returning a connection to the pool
2024-05-13 21:15:00,421 - log.log - INFO - Getting a connection from the pool
2024-05-13 21:15:00,421 - log.log - INFO - Database connection opened.
2024-05-13 21:15:00,423 - log.log - INFO - Search for solution with the "Re" term(s)
2024-05-13 21:15:00,424 - log.log - INFO - Transaction committed
2024-05-13 21:15:00,424 - log.log - INFO - Returning a connection to the pool
2024-05-13 21:15:10,893 - log.log - INFO - Getting a connection from the pool
2024-05-13 21:15:10,894 - log.log - INFO - Database connection opened.
2024-05-13 21:15:10,894 - log.log - INFO - Successfully get all the topics names
2024-05-13 21:15:10,894 - log.log - INFO - Transaction committed
2024-05-13 21:15:10,894 - log.log - INFO - Returning a connection to the pool
2024-05-13 21:15:14,437 - log.log - INFO - Getting a connection from the pool
2024-05-13 21:15:14,437 - log.log - INFO - Database connection opened.
2024-05-13 21:15:14,437 - log.log - INFO - Search for solution with the "Re" term(s)
2024-05-13 21:15:14,438 - log.log - INFO - Transaction committed
2024-05-13 21:15:14,438 - log.log - INFO - Returning a connection to the pool
2024-05-13 21:20:00,032 - log.log - INFO - Getting a connection from the pool
2024-05-13 21:20:00,032 - log.log - INFO - Database connection opened.
2024-05-13 21:20:00,034 - log.log - INFO - Topics table created
2024-05-13 21:20:00,035 - log.log - INFO - Solutions table created
2024-05-13 21:20:00,035 - log.log - INFO - Transaction committed
2024-05-13 21:20:00,035 - log.log - INFO - Returning a connection to the pool
2024-05-13 21:20:00,035 - log.log - INFO - Database connection pool initialized (Database: suportmate)
2024-05-13 21:20:00,036 - log.log - WARNING - Bot is initializing.
2024-05-13 21:20:00,862 - log.log - WARNING - Bot setup completed.
2024-05-13 21:20:39,220 - log.log - INFO - Getting a connection from the pool
2024-05-13 21:20:39,220 - log.log - INFO - Database connection opened.
2024-05-13 21:20:39,222 - log.log - INFO - Successfully get all the topics names
2024-05-13 21:20:39,223 - log.log - INFO - Transaction committed
2024-05-13 21:20:39,223 - log.log - INFO - Returning a connection to the pool
2024-05-13 21:20:43,317 - log.log - INFO - Getting a connection from the pool
2024-05-13 21:20:43,317 - log.log - INFO - Database connection opened.
2024-05-13 21:20:43,320 - log.log - INFO - Search for solution with the "RE" term(s)
2024-05-13 21:20:43,321 - log.log - INFO - Transaction committed
2024-05-13 21:20:43,321 - log.log - INFO - Returning a connection to the pool
2024-05-13 21:20:52,571 - log.log - INFO - Getting a connection from the pool
2024-05-13 21:20:52,571 - log.log - INFO - Database connection opened.
2024-05-13 21:20:52,572 - log.log - INFO - Successfully get all the topics names
2024-05-13 21:20:52,572 - log.log - INFO - Transaction committed
2024-05-13 21:20:52,572 - log.log - INFO - Returning a connection to the pool
2024-05-13 21:20:55,349 - log.log - INFO - Getting a connection from the pool
2024-05-13 21:20:55,349 - log.log - INFO - Database connection opened.
2024-05-13 21:20:55,350 - log.log - INFO - Search for solution with the "Re" term(s)
2024-05-13 21:20:55,351 - log.log - INFO - Transaction committed
2024-05-13 21:20:55,351 - log.log - INFO - Returning a connection to the pool
2024-05-13 21:21:57,001 - log.log - INFO - Getting a connection from the pool
2024-05-13 21:21:57,001 - log.log - INFO - Database connection opened.
2024-05-13 21:21:57,004 - log.log - INFO - Topics table created
2024-05-13 21:21:57,004 - log.log - INFO - Solutions table created
2024-05-13 21:21:57,004 - log.log - INFO - Transaction committed
2024-05-13 21:21:57,004 - log.log - INFO - Returning a connection to the pool
2024-05-13 21:21:57,004 - log.log - INFO - Database connection pool initialized (Database: suportmate)
2024-05-13 21:21:57,004 - log.log - WARNING - Bot is initializing.
2024-05-13 21:21:57,736 - log.log - WARNING - Bot setup completed.
2024-05-13 21:22:03,913 - log.log - INFO - Getting a connection from the pool
2024-05-13 21:22:03,913 - log.log - INFO - Database connection opened.
2024-05-13 21:22:03,915 - log.log - INFO - Successfully get all the topics names
2024-05-13 21:22:03,916 - log.log - INFO - Transaction committed
2024-05-13 21:22:03,916 - log.log - INFO - Returning a connection to the pool
2024-05-13 21:22:06,283 - log.log - INFO - Getting a connection from the pool
2024-05-13 21:22:06,283 - log.log - INFO - Database connection opened.
2024-05-13 21:22:06,285 - log.log - INFO - Search for solution with the "Re" term(s)
2024-05-13 21:22:06,285 - log.log - INFO - Transaction committed
2024-05-13 21:22:06,285 - log.log - INFO - Returning a connection to the pool
2024-05-13 21:23:09,985 - log.log - INFO - Getting a connection from the pool
2024-05-13 21:23:09,985 - log.log - INFO - Database connection opened.
2024-05-13 21:23:09,987 - log.log - INFO - Topics table created
2024-05-13 21:23:09,987 - log.log - INFO - Solutions table created
2024-05-13 21:23:09,987 - log.log - INFO - Transaction committed
2024-05-13 21:23:09,987 - log.log - INFO - Returning a connection to the pool
2024-05-13 21:23:09,987 - log.log - INFO - Database connection pool initialized (Database: suportmate)
2024-05-13 21:23:09,988 - log.log - WARNING - Bot is initializing.
2024-05-13 21:23:10,813 - log.log - WARNING - Bot setup completed.
2024-05-13 21:23:27,876 - log.log - INFO - Getting a connection from the pool
2024-05-13 21:23:27,876 - log.log - INFO - Database connection opened.
2024-05-13 21:23:27,879 - log.log - INFO - Successfully get all the topics names
2024-05-13 21:23:27,879 - log.log - INFO - Transaction committed
2024-05-13 21:23:27,879 - log.log - INFO - Returning a connection to the pool
2024-05-13 21:23:31,231 - log.log - INFO - Getting a connection from the pool
2024-05-13 21:23:31,231 - log.log - INFO - Database connection opened.
2024-05-13 21:23:31,233 - log.log - INFO - Search for solution with the "Rej" term(s)
2024-05-13 21:23:31,234 - log.log - INFO - Transaction committed
2024-05-13 21:23:31,234 - log.log - INFO - Returning a connection to the pool
